"../../../Engine/Content/Functions/Engine_MaterialFunctions01/Shading/PowerToRoughness.uasset" 0
"../../../Engine/Content/Functions/Engine_MaterialFunctions01/Shading/ConvertFromDiffSpec.uasset" 1
"../../../Engine/Content/EngineMaterials/DefaultDiffuse.uasset" 2
"../../../Engine/Content/EngineMaterials/DefaultDeferredDecalMaterial.uasset" 3
"../../../Engine/Content/EngineMaterials/DefaultLightFunctionMaterial.uasset" 4
"../../../Engine/Content/Functions/Engine_MaterialFunctions02/Utility/BreakOutFloat2Components.uasset" 5
"../../../Engine/Content/EngineMaterials/DefaultPostProcessMaterial.uasset" 6
"../../../Engine/Content/EditorMaterials/Camera/CineMat.uasset" 7
"../../../Engine/Content/EditorMaterials/Camera/MI_CineMat_Rig.uasset" 8
"../../../Engine/Content/EditorMeshes/Camera/SM_CraneRig_Base.uasset" 9
"../../../Engine/Content/EditorMeshes/Camera/SM_CraneRig_Arm.uasset" 10
"../../../Engine/Content/EditorMeshes/Camera/SM_CraneRig_Mount.uasset" 11
"../../../Engine/Content/EditorMeshes/Camera/SM_CraneRig_Body.uasset" 12
"../../../Engine/Content/EditorMeshes/Camera/SM_RailRig_Track.uasset" 13
"../../../Engine/Content/EditorMeshes/Camera/SM_RailRig_Mount.uasset" 14
"../../../Engine/Content/EngineResources/AICON-Red.uasset" 15
"../../../Engine/Content/EngineResources/AICON-Green.uasset" 16
"../../../Engine/Content/EngineFonts/Roboto.uasset" 17
"../../../Engine/Content/EngineResources/DefaultTexture.uasset" 18
"../../../Engine/Content/Functions/Engine_MaterialFunctions01/Texturing/ScaleUVsByCenter.uasset" 19
"../../../Engine/Content/Functions/Engine_MaterialFunctions02/ScreenResolution.uasset" 20
"../../../Engine/Content/Functions/Engine_MaterialFunctions02/Texturing/ScreenAlignedUVs.uasset" 21
"../../../Engine/Content/EngineResources/WhiteSquareTexture.uasset" 22
"../../../Engine/Content/EngineMaterials/Widget3DPassThrough.uasset" 23
"../../../Engine/Content/EngineMaterials/Widget3DPassThrough_Translucent.uasset" 24
"../../../Engine/Content/EngineMaterials/Widget3DPassThrough_Translucent_OneSided.uasset" 25
"../../../Engine/Content/EngineMaterials/Widget3DPassThrough_Opaque.uasset" 26
"../../../Engine/Content/EngineMaterials/Widget3DPassThrough_Opaque_OneSided.uasset" 27
"../../../Engine/Content/EngineMaterials/Widget3DPassThrough_Masked.uasset" 28
"../../../Engine/Content/EngineMaterials/Widget3DPassThrough_Masked_OneSided.uasset" 29
"../../../Engine/Content/EditorResources/S_Actor.uasset" 30
"../../../Engine/Content/EditorMaterials/AssetViewer/EpicQuadPanorama_CC+EV1.uasset" 31
"../../../Engine/Content/EditorResources/RGBTable16x1_AssetViewer.uasset" 32
"../../../Engine/Content/Maps/Templates/Thumbnails/Default.uasset" 33
"../../../Engine/Content/Maps/Templates/Thumbnails/VR-Basic.uasset" 34
"../../../Engine/Content/EditorMaterials/ParticleSystems/PSysThumbnail_NoImage.uasset" 35
"../../../Engine/Content/EditorMaterials/ParticleSystems/PSysThumbnail_OOD.uasset" 36
"../../../Engine/Content/EditorLandscapeResources/DataLayer.uasset" 37
"../../../Engine/Content/EngineDamageTypes/DmgTypeBP_Environmental.uasset" 38
"../../../Engine/Content/EngineMeshes/Sphere.uasset" 39
"../../../Engine/Content/EngineFonts/RobotoDistanceField.uasset" 40
"../../../Engine/Content/EngineMaterials/DefaultTextMaterialOpaque.uasset" 41
"../../../Engine/Content/EditorResources/S_Trigger.uasset" 42
"../../../Engine/Content/EngineResources/GradientTexture0.uasset" 43
"../../../Engine/Content/EditorMaterials/MatineeGroups/MAT_Groups_Float.uasset" 44
"../../../Engine/Content/EditorMaterials/MatineeGroups/MAT_Groups_Director.uasset" 45
"../../../Engine/Content/EditorMaterials/MatineeGroups/MAT_Groups_Event.uasset" 46
"../../../Engine/Content/EditorMaterials/MatineeGroups/MAT_Groups_Anim.uasset" 47
"../../../Engine/Content/EditorMaterials/MatineeGroups/MAT_Groups_Fade.uasset" 48
"../../../Engine/Content/EditorMaterials/MatineeGroups/MAT_Groups_Move.uasset" 49
"../../../Engine/Content/EditorMaterials/MatineeGroups/MAT_Groups_Slomo.uasset" 50
"../../../Engine/Content/EditorMaterials/MatineeGroups/MAT_ColorTrack.uasset" 51
"../../../Engine/Content/EditorMaterials/MAT_Groups_Toggle.uasset" 52
"../../../Engine/Content/EditorMaterials/MatineeGroups/MAT_Groups_AudioMaster.uasset" 53
"../../../Engine/Content/EditorMaterials/MatineeGroups/MAT_Groups_Sound.uasset" 54
"../../../Engine/Content/EditorMaterials/MatineeGroups/MAT_Groups_Vector.uasset" 55
"../../../Engine/Content/EditorMaterials/MAT_Groups_Visibility.uasset" 56
"../../../Engine/Content/EngineResources/DefaultTextureCube.uasset" 57
"../../../Engine/Content/Functions/Engine_MaterialFunctions01/Opacity/CameraDepthFade.uasset" 58
"../../../Engine/Content/EngineMaterials/T_Default_Material_Grid_M.uasset" 59
"../../../Engine/Content/EngineMaterials/T_Default_Material_Grid_N.uasset" 60
"../../../Engine/Content/EngineMaterials/DefaultMaterial.uasset" 61
"../../../Engine/Content/EngineMeshes/Cylinder.uasset" 62
"../../../Engine/Content/EngineTireTypes/DefaultTireType.uasset" 63
"../../../Engine/Content/VREditor/LaserPointer/VR_LaserPower_01.uasset" 64
"../../../Engine/Content/VREditor/TransformGizmo/TransformGizmoMaterial.uasset" 65
"../../../Engine/Content/VREditor/TransformGizmo/TranslucentTransformGizmoMaterial.uasset" 66
"../../../Engine/Content/VREditor/TransformGizmo/UniformScaleHandle.uasset" 67
"../../../Engine/Content/VREditor/TransformGizmo/TranslateHandleLong.uasset" 68
"../../../Engine/Content/VREditor/TransformGizmo/PlaneTranslationHandle.uasset" 69
"../../../Engine/Content/VREditor/TransformGizmo/RotationHandleFull.uasset" 70
"../../../Engine/Content/VREditor/TransformGizmo/StretchingHandle.uasset" 71
"../../../Engine/Content/VREditor/TransformGizmo/BoundingBoxCorner.uasset" 72
"../../../Engine/Content/VREditor/TransformGizmo/BoundingBoxEdge.uasset" 73
"../../../Engine/Content/VREditor/UI/SelectionBarMesh.uasset" 74
"../../../Engine/Content/VREditor/UI/CloseButtonMesh.uasset" 75
"../../../Engine/Content/VREditor/FloatingText/LineMaterial.uasset" 76
"../../../Engine/Content/VREditor/FloatingText/LineSegmentCylinder.uasset" 77
"../../../Engine/Content/VREditor/FloatingText/JointSphere.uasset" 78
"../../../Engine/Content/VREditor/Fonts/VRText_RobotoLarge.uasset" 79
"../../../Engine/Content/VREditor/Fonts/VRTextMaterial.uasset" 80
"../../../Engine/Content/VREditor/Fonts/TranslucentVRTextMaterial.uasset" 81
"../../../Engine/Content/VREditor/TransformGizmo/TranslationHandle.uasset" 82
"../../../Engine/Content/VREditor/TransformGizmo/RotationHandle.uasset" 83
"../../../Engine/Content/VREditor/Devices/Generic/GenericHMDMaterial.uasset" 84
"../../../Engine/Content/VREditor/Devices/Generic/GenericHMD.uasset" 85
"../../../Engine/Content/Functions/Engine_MaterialFunctions01/Gradient/RadialGradient.uasset" 86
"../../../Engine/Content/EditorLandscapeResources/FlattenHeightMat.uasset" 87
"../../../Engine/Content/VREditor/WorldMovementGrid/PlaneMesh.uasset" 88
"../../../Engine/Content/VREditor/WorldMovementGrid/SimpleGrid.uasset" 89
"../../../Engine/Content/VREditor/WorldMovementGrid/GridMaterial.uasset" 90
"../../../Engine/Content/VREditor/LaserPointer/LaserPointerMaterial.uasset" 91
"../../../Engine/Content/VREditor/LaserPointer/LaserPointerMaterialInst.uasset" 92
"../../../Engine/Content/VREditor/LaserPointer/TranslucentLaserPointerMaterialInst.uasset" 93
"../../../Engine/Content/VREditor/LaserPointer/LaserPointerMesh.uasset" 94
"../../../Engine/Content/Functions/Engine_MaterialFunctions01/Density/ExponentialDensity.uasset" 95
"../../../Engine/Content/VREditor/WorldMovementGrid/GridPostProcess.uasset" 96
"../../../Engine/Content/VREditor/Sounds/VR_teleport_Cue.uasset" 97
"../../../Engine/Content/VREditor/Sounds/VR_grab_Cue.uasset" 98
"../../../Engine/Content/Tutorial/ContentIntroCurve.uasset" 99
"../../../Engine/Plugins/2D/Paper2D/Content/PlaceholderTextures/DummySpriteTexture.uasset" 100
"../../../Engine/Plugins/2D/Paper2D/Content/DefaultSpriteMaterial.uasset" 101
"../../../Engine/Plugins/2D/Paper2D/Content/MaskedUnlitSpriteMaterial.uasset" 102
"../../../Engine/Plugins/2D/Paper2D/Content/OpaqueUnlitSpriteMaterial.uasset" 103
"../../../Engine/Plugins/2D/Paper2D/Content/DummySprite.uasset" 104
"../../../Engine/Plugins/2D/Paper2D/Content/DefaultPaperTerrainMaterial.uasset" 105
"../../../Engine/Content/EngineMaterials/RemoveSurfaceMaterial.uasset" 106
"../../../Engine/Content/EngineDebugMaterials/DebugMeshMaterial.uasset" 107
"../../../Engine/Content/EngineMaterials/InvalidLightmapSettings.uasset" 108
"../../../Engine/Content/EngineMaterials/M_InvalidLightmapSettings.uasset" 109
"../../../Engine/Content/EditorMaterials/GizmoMaterial.uasset" 110
"../../../Engine/Content/EngineMaterials/PhAT_JointLimitMaterial.uasset" 111
"../../../Engine/Content/EngineMaterials/Good64x64TilingNoiseHighFreq.uasset" 112
"../../../Engine/Content/EngineMaterials/DefaultBokeh.uasset" 113
"../../../Engine/Content/EngineMaterials/PreintegratedSkinBRDF.uasset" 114
"../../../Engine/Content/EngineMaterials/MiniFont.uasset" 115
"../../../Engine/Content/EngineMaterials/WeightMapPlaceholderTexture.uasset" 116
"../../../Engine/Content/EngineMaterials/DefaultWhiteGrid.uasset" 117
"../../../Engine/Content/EngineMaterials/DefaultPhysicalMaterial.uasset" 118
"../../../Engine/Content/EngineFonts/RobotoTiny.uasset" 119
"../../../Engine/Content/EditorSounds/Notifications/CompileSuccess.uasset" 120
"../../../Engine/Content/EditorSounds/Notifications/CompileStart_Cue.uasset" 121
"../../../Engine/Content/EditorSounds/Notifications/CompileSuccess_Cue.uasset" 122
"../../../Engine/Content/EditorSounds/Notifications/CompileFailed.uasset" 123
"../../../Engine/Content/EditorSounds/Notifications/CompileFailed_Cue.uasset" 124
"../../../Engine/Content/MobileResources/HUD/MobileHUDDirectionPad.uasset" 125
"../../../Engine/Content/MobileResources/HUD/T_Castle_ThumbstickOutter.uasset" 126
"../../../Engine/Content/MobileResources/HUD/MobileHUDDirectionStick.uasset" 127
"../../../Engine/Content/EngineMeshes/Humanoid.uasset" 128
"../../../OnlineGame/Content/AnimStarterPack/Mixamo/Beta/Beta_Skeleton.uasset" 129
"../../../OnlineGame/Content/AnimStarterPack/Mixamo/Beta/sword_and_shield_attack.uasset" 130
"../../../OnlineGame/Content/AnimStarterPack/UE4_Mannequin/Mesh/UE4_Mannequin_Skeleton.uasset" 131
"../../../OnlineGame/Content/AnimStarterPack/UE4_Anims/Aim_Space_Hip.uasset" 132
"../../../OnlineGame/Content/AnimStarterPack/UE4_Anims/Aim_Space_Ironsights.uasset" 133
"../../../OnlineGame/Content/AnimStarterPack/UE4_Anims/Crouch_Idle_Rifle_Ironsights.uasset" 134
"../../../OnlineGame/Content/AnimStarterPack/UE4_Anims/Crouch_to_Stand_Rifle_Hip.uasset" 135
"../../../OnlineGame/Content/AnimStarterPack/UE4_Anims/Crouch_to_Stand_Rifle_Ironsights.uasset" 136
"../../../OnlineGame/Content/AnimStarterPack/UE4_Anims/Crouch_Walk_Bwd_Rifle_Ironsights.uasset" 137
"../../../OnlineGame/Content/AnimStarterPack/UE4_Anims/Crouch_Walk_Fwd_Rifle_Ironsights.uasset" 138
"../../../OnlineGame/Content/AnimStarterPack/UE4_Anims/Crouch_Walk_Lt_Rifle_Ironsights.uasset" 139
"../../../OnlineGame/Content/AnimStarterPack/UE4_Anims/Crouch_Walk_Rt_Rifle_Ironsights.uasset" 140
"../../../OnlineGame/Content/AnimStarterPack/UE4_Anims/Death_1.uasset" 141
"../../../OnlineGame/Content/AnimStarterPack/UE4_Anims/Death_2.uasset" 142
"../../../OnlineGame/Content/AnimStarterPack/UE4_Anims/Death_3.uasset" 143
"../../../OnlineGame/Content/AnimStarterPack/UE4_Anims/Death_Ironsights_1.uasset" 144
"../../../OnlineGame/Content/AnimStarterPack/UE4_Anims/Death_Ironsights_2.uasset" 145
"../../../OnlineGame/Content/AnimStarterPack/UE4_Anims/Equip_Pistol_Standing.uasset" 146
"../../../OnlineGame/Content/AnimStarterPack/UE4_Anims/Equip_Rifle_Standing.uasset" 147
"../../../OnlineGame/Content/AnimStarterPack/UE4_Anims/Fire_Rifle_Hip.uasset" 148
"../../../OnlineGame/Content/AnimStarterPack/UE4_Anims/Fire_Rifle_Ironsights.uasset" 149
"../../../OnlineGame/Content/AnimStarterPack/UE4_Anims/Fire_Shotgun_Hip.uasset" 150
"../../../OnlineGame/Content/AnimStarterPack/UE4_Anims/Fire_Shotgun_Ironsights.uasset" 151
"../../../OnlineGame/Content/AnimStarterPack/UE4_Anims/Hit_React_1.uasset" 152
"../../../OnlineGame/Content/AnimStarterPack/UE4_Anims/Hit_React_2.uasset" 153
"../../../OnlineGame/Content/AnimStarterPack/UE4_Anims/Hit_React_3.uasset" 154
"../../../OnlineGame/Content/AnimStarterPack/UE4_Anims/Hit_React_4.uasset" 155
"../../../OnlineGame/Content/AnimStarterPack/UE4_Anims/Idle_Pistol.uasset" 156
"../../../OnlineGame/Content/AnimStarterPack/UE4_Anims/Idle_Rifle_Hip_Break1.uasset" 157
"../../../OnlineGame/Content/AnimStarterPack/UE4_Anims/Idle_Rifle_Hip_Break2.uasset" 158
"../../../OnlineGame/Content/AnimStarterPack/UE4_Anims/Idle_Rifle_Ironsights.uasset" 159
"../../../OnlineGame/Content/AnimStarterPack/UE4_Anims/Jump_From_Stand_Ironsights.uasset" 160
"../../../OnlineGame/Content/AnimStarterPack/UE4_Anims/Prone_Death_1.uasset" 161
"../../../OnlineGame/Content/AnimStarterPack/UE4_Anims/Prone_Death_2.uasset" 162
"../../../OnlineGame/Content/AnimStarterPack/UE4_Anims/Prone_Fire_1.uasset" 163
"../../../OnlineGame/Content/AnimStarterPack/UE4_Anims/Prone_Fire_2.uasset" 164
"../../../OnlineGame/Content/AnimStarterPack/UE4_Anims/Prone_Idle.uasset" 165
"../../../OnlineGame/Content/AnimStarterPack/UE4_Anims/Prone_Reload_Rifle.uasset" 166
"../../../OnlineGame/Content/AnimStarterPack/UE4_Anims/Prone_Reload_Shotgun.uasset" 167
"../../../OnlineGame/Content/AnimStarterPack/UE4_Anims/Prone_To_Stand.uasset" 168
"../../../OnlineGame/Content/AnimStarterPack/UE4_Anims/Reload_Pistol.uasset" 169
"../../../OnlineGame/Content/AnimStarterPack/UE4_Anims/Reload_Rifle_Hip.uasset" 170
"../../../OnlineGame/Content/AnimStarterPack/UE4_Anims/Reload_Rifle_Ironsights.uasset" 171
"../../../OnlineGame/Content/AnimStarterPack/UE4_Anims/Reload_Shotgun_Hip.uasset" 172
"../../../OnlineGame/Content/AnimStarterPack/UE4_Anims/Reload_Shotgun_Ironsights.uasset" 173
"../../../OnlineGame/Content/AnimStarterPack/UE4_Anims/Sprint_Fwd_Rifle.uasset" 174
"../../../OnlineGame/Content/AnimStarterPack/UE4_Anims/Stand_to_Crouch_Rifle_Hip.uasset" 175
"../../../OnlineGame/Content/AnimStarterPack/UE4_Anims/Stand_to_Crouch_Rifle_Ironsights.uasset" 176
"../../../OnlineGame/Content/AnimStarterPack/UE4_Anims/Stand_To_Prone.uasset" 177
"../../../OnlineGame/Content/AnimStarterPack/UE4_Anims/Walk_Bwd_Rifle_Ironsights.uasset" 178
"../../../OnlineGame/Content/AnimStarterPack/UE4_Anims/Walk_Fwd_Rifle_Ironsights.uasset" 179
"../../../OnlineGame/Content/AnimStarterPack/UE4_Anims/Walk_Lt_Rifle_Ironsights.uasset" 180
"../../../OnlineGame/Content/AnimStarterPack/UE4_Anims/Walk_Rt_Rifle_Ironsights.uasset" 181
"../../../OnlineGame/Content/BlueprintsExtensions/Projectiles/BP_WeaponProjectile.uasset" 182
"../../../Engine/Content/EngineMaterials/WorldGridMaterial.uasset" 183
"../../../OnlineGame/Content/FBXes/Custom/Chest_01.uasset" 184
"../../../OnlineGame/Content/FBXes/TurboSquid/TreasureChest/ARK_FREE_CHEST.uasset" 185
"../../../Engine/Content/EngineResources/Black.uasset" 186
"../../../OnlineGame/Content/InfinityBladeEffects/Effects/Masters/M_Add_Sprite_Master_DepthFade.uasset" 187
"../../../OnlineGame/Content/InfinityBladeEffects/Effects/FX_Textures/Gradient/T_starFlare_01.uasset" 188
"../../../OnlineGame/Content/InfinityBladeEffects/Effects/FX_Materials/Gradient/M_Flare_01_INST.uasset" 189
"../../../OnlineGame/Content/InfinityBladeEffects/Effects/FX_Textures/Gradient/T_SoftFallOff.uasset" 190
"../../../OnlineGame/Content/InfinityBladeEffects/Effects/FX_Materials/Gradient/M_Flare_03_INST.uasset" 191
"../../../OnlineGame/Content/InfinityBladeEffects/Effects/Masters/M_Add_Sprite_Master.uasset" 192
"../../../OnlineGame/Content/InfinityBladeEffects/Effects/FX_Textures/Gradient/T_GlowNoise_Circular_02.uasset" 193
"../../../OnlineGame/Content/InfinityBladeEffects/Effects/FX_Materials/Gradient/M_Flare_Noise_01_Inst.uasset" 194
"../../../OnlineGame/Content/InfinityBladeEffects/Effects/FX_Treasure/Gold_Bag/P_DeadMans_Loot.uasset" 195
"../../../OnlineGame/Content/IBW/Character/CompleteCharacters/Textures_Materials/CharM_Pit/T_CharM_Pit_D.uasset" 196
"../../../OnlineGame/Content/IBW/Character/CompleteCharacters/Textures_Materials/CharM_Pit/T_CharM_Pit_Mask.uasset" 197
"../../../OnlineGame/Content/IBW/Character/CompleteCharacters/Textures_Materials/CharM_Pit/T_CharM_Pit_N.uasset" 198
"../../../OnlineGame/Content/IBW/Character/CompleteCharacters/Textures_Materials/CharM_Pit/M_Char_Pit.uasset" 199
"../../../OnlineGame/Content/IBW/Character/CompleteCharacters/SK_Mannequin_Skeleton.uasset" 200
"../../../OnlineGame/Content/IBW/Character/CompleteCharacters/SK_CharM_Pit.uasset" 201
"../../../OnlineGame/Content/IBW/Character/CompleteCharacters/Textures_Materials/CharM_Barbarous/T_CharM_Barbarous_MetalMask.uasset" 202
"../../../OnlineGame/Content/IBW/Character/CompleteCharacters/Textures_Materials/CharM_Barbarous/T_CharM_Barbarous_N.uasset" 203
"../../../OnlineGame/Content/IBW/Character/CompleteCharacters/Textures_Materials/CharM_Barbarous/T_CharM_BarbarousElite_D.uasset" 204
"../../../OnlineGame/Content/IBW/Character/CompleteCharacters/Textures_Materials/CharM_Barbarous/M_Char_Barbarous_Elite.uasset" 205
"../../../OnlineGame/Content/IBW/Character/CompleteCharacters/Textures_Materials/CharM_Barbarous/SK_CharM_Barbarous_Skeleton.uasset" 206
"../../../OnlineGame/Content/IBW/Character/CompleteCharacters/Textures_Materials/CharM_Base/T_CharM_Base_D_MetalMask.uasset" 207
"../../../OnlineGame/Content/IBW/Character/CompleteCharacters/Textures_Materials/CharM_Bladed/T_CharM_Bladed_Elite_D.uasset" 208
"../../../OnlineGame/Content/IBW/Character/CompleteCharacters/Textures_Materials/CharM_Natural/T_CharM_NaturalElite_D.uasset" 209
"../../../OnlineGame/Content/IBW/Character/CompleteCharacters/Textures_Materials/CharM_Natural/T_CharM_NaturalElite_Mask.uasset" 210
"../../../OnlineGame/Content/IBW/Character/CompleteCharacters/Textures_Materials/CharM_Natural/T_CharM_NaturalElite_N.uasset" 211
"../../../OnlineGame/Content/IBW/Character/CompleteCharacters/Textures_Materials/CharM_Pit/T_CharM_Trench_D.uasset" 212
"../../../OnlineGame/Content/IBW/Character/CompleteCharacters/Textures_Materials/CharM_Pit/M_Char_Pit2.uasset" 213
"../../../OnlineGame/Content/IBW/Character/CompleteCharacters/Textures_Materials/CharM_Pit/T_CharM_Pit3_D.uasset" 214
"../../../OnlineGame/Content/IBW/Character/CompleteCharacters/Textures_Materials/CharM_Pit/M_Char_Pit3.uasset" 215
"../../../OnlineGame/Content/IBW/Character/CompleteCharacters/Textures_Materials/CharM_Pit/T_CharM_Gorge_D.uasset" 216
"../../../OnlineGame/Content/IBW/Character/CompleteCharacters/Textures_Materials/CharM_Ram/T_CharM_Ram_C_D.uasset" 217
"../../../OnlineGame/Content/IBW/Character/CompleteCharacters/Textures_Materials/CharM_Ram/T_CharM_Ram_D.uasset" 218
"../../../OnlineGame/Content/IBW/Character/CompleteCharacters/Textures_Materials/CharM_Shell/T_CharM_ShellB_D.uasset" 219
"../../../OnlineGame/Content/IBW/Character/CompleteCharacters/Textures_Materials/CharM_Shell/T_CharM_Shell_C.uasset" 220
"../../../OnlineGame/Content/IBW/Character/CompleteCharacters/Textures_Materials/CharM_Bladed/T_CharM_Bladed_D.uasset" 221
"../../../OnlineGame/Content/IBW/Character/CompleteCharacters/Textures_Materials/CharM_Bladed/T_CharM_Bladed_MetalMask1.uasset" 222
"../../../OnlineGame/Content/IBW/Character/CompleteCharacters/Textures_Materials/CharM_Bladed/T_CharM_Bladed_N.uasset" 223
"../../../OnlineGame/Content/IBW/Character/CompleteCharacters/Textures_Materials/CharM_solid/M_CharM_Solid_Alternate.uasset" 224
"../../../OnlineGame/Content/IBW/Character/CompleteCharacters/Textures_Materials/CharM_solid/T_CharM_Solid_Alt.uasset" 225
"../../../OnlineGame/Content/IBW/Character/CompleteCharacters/Textures_Materials/CharM_solid/T_CharM_Solid_Alternate.uasset" 226
"../../../OnlineGame/Content/IBW/Character/CompleteCharacters/Textures_Materials/CharM_solid/T_CharM_Solid_Alt_Mask.uasset" 227
"../../../OnlineGame/Content/IBW/Character/CompleteCharacters/Textures_Materials/CharM_Warrior/T_CharM_Warrior_Emissive.uasset" 228
"../../../OnlineGame/Content/Mannequin/Character/Mesh/UE4_Mannequin_Skeleton.uasset" 229
"../../../OnlineGame/Content/Mannequin/Animations/ThirdPersonJump_End.uasset" 230
"../../../OnlineGame/Content/Mannequin/Animations/ThirdPerson_Jump.uasset" 231
"../../../OnlineGame/Content/Mannequin/Animations/ThirdPersonJump_Loop.uasset" 232
"../../../OnlineGame/Content/Mannequin/Animations/ThirdPersonJump_Start.uasset" 233
"../../../OnlineGame/Content/Mannequin/Animations/ThirdPersonIdle.uasset" 234
"../../../OnlineGame/Content/Mannequin/Animations/ThirdPersonRun.uasset" 235
"../../../OnlineGame/Content/Mannequin/Animations/ThirdPersonWalk.uasset" 236
"../../../OnlineGame/Content/Mannequin/Animations/ThirdPerson_IdleRun_2D.uasset" 237
"../../../Engine/Content/EditorBlueprintResources/StandardMacros.uasset" 238
"../../../OnlineGame/Content/Mannequin/Animations/ThirdPerson_AnimBP.uasset" 239
"../../../OnlineGame/Content/Materials/M_Test.uasset" 240
"../../../OnlineGame/Content/StarterContent/Materials/M_Basic_Floor.uasset" 241
"../../../OnlineGame/Content/StarterContent/Architecture/Floor_400x400.uasset" 242
"../../../OnlineGame/Content/StarterContent/Materials/M_Basic_Wall.uasset" 243
"../../../OnlineGame/Content/StarterContent/Architecture/Pillar_50x500.uasset" 244
"../../../OnlineGame/Content/StarterContent/Materials/M_AssetPlatform.uasset" 245
"../../../OnlineGame/Content/StarterContent/Architecture/SM_AssetPlatform.uasset" 246
"../../../OnlineGame/Content/StarterContent/Architecture/Wall_400x200.uasset" 247
"../../../OnlineGame/Content/StarterContent/Architecture/Wall_400x300.uasset" 248
"../../../OnlineGame/Content/StarterContent/Architecture/Wall_400x400.uasset" 249
"../../../OnlineGame/Content/StarterContent/Architecture/Wall_500x500.uasset" 250
"../../../OnlineGame/Content/StarterContent/Architecture/Wall_Door_400x300.uasset" 251
"../../../OnlineGame/Content/StarterContent/Architecture/Wall_Door_400x400.uasset" 252
"../../../OnlineGame/Content/StarterContent/Architecture/Wall_Window_400x300.uasset" 253
"../../../OnlineGame/Content/StarterContent/Architecture/Wall_Window_400x400.uasset" 254
"../../../OnlineGame/Content/StarterContent/Audio/Collapse_Cue.uasset" 255
"../../../OnlineGame/Content/StarterContent/Audio/Explosion_Cue.uasset" 256
"../../../OnlineGame/Content/StarterContent/Audio/Fire01_Cue.uasset" 257
"../../../OnlineGame/Content/StarterContent/Audio/Fire_Sparks01_Cue.uasset" 258
"../../../OnlineGame/Content/StarterContent/Audio/Light01_Cue.uasset" 259
"../../../OnlineGame/Content/StarterContent/Audio/Light02_Cue.uasset" 260
"../../../OnlineGame/Content/StarterContent/Audio/Starter_Background_Cue.uasset" 261
"../../../OnlineGame/Content/StarterContent/Audio/Starter_Music_Cue.uasset" 262
"../../../OnlineGame/Content/StarterContent/Audio/Steam01_Cue.uasset" 263
"../../../OnlineGame/Content/StarterContent/Textures/T_Brick_Clay_Beveled_D.uasset" 264
"../../../OnlineGame/Content/StarterContent/Textures/T_Brick_Clay_Beveled_M.uasset" 265
"../../../OnlineGame/Content/StarterContent/Textures/T_Brick_Clay_Beveled_N.uasset" 266
"../../../OnlineGame/Content/StarterContent/Textures/T_MacroVariation.uasset" 267
"../../../OnlineGame/Content/StarterContent/Materials/M_Brick_Clay_Beveled.uasset" 268
"../../../OnlineGame/Content/StarterContent/Textures/T_Brick_Clay_Old_D.uasset" 269
"../../../OnlineGame/Content/StarterContent/Textures/T_Brick_Clay_Old_N.uasset" 270
"../../../OnlineGame/Content/StarterContent/Textures/T_Perlin_Noise_M.uasset" 271
"../../../OnlineGame/Content/StarterContent/Materials/M_Brick_Clay_Old.uasset" 272
"../../../OnlineGame/Content/StarterContent/Textures/T_Brick_Cut_Stone_D.uasset" 273
"../../../OnlineGame/Content/StarterContent/Textures/T_Brick_Cut_Stone_N.uasset" 274
"../../../OnlineGame/Content/StarterContent/Materials/M_Brick_Cut_Stone.uasset" 275
"../../../OnlineGame/Content/StarterContent/Textures/T_Brick_Hewn_Stone_D.uasset" 276
"../../../OnlineGame/Content/StarterContent/Textures/T_Brick_Hewn_Stone_M.uasset" 277
"../../../OnlineGame/Content/StarterContent/Textures/T_Brick_Hewn_Stone_N.uasset" 278
"../../../OnlineGame/Content/StarterContent/Textures/T_Detail_Rocky_N.uasset" 279
"../../../OnlineGame/Content/StarterContent/Materials/M_Brick_Hewn_Stone.uasset" 280
"../../../OnlineGame/Content/StarterContent/Textures/T_Ceramic_Tile_M.uasset" 281
"../../../OnlineGame/Content/StarterContent/Textures/T_Ceramic_Tile_N.uasset" 282
"../../../OnlineGame/Content/StarterContent/Textures/T_Rock_Marble_Polished_D.uasset" 283
"../../../OnlineGame/Content/StarterContent/Materials/M_Ceramic_Tile_Checker.uasset" 284
"../../../OnlineGame/Content/StarterContent/Textures/T_CobbleStone_Pebble_D.uasset" 285
"../../../OnlineGame/Content/StarterContent/Textures/T_CobbleStone_Pebble_M.uasset" 286
"../../../OnlineGame/Content/StarterContent/Textures/T_CobbleStone_Pebble_N.uasset" 287
"../../../OnlineGame/Content/StarterContent/Materials/M_CobbleStone_Pebble.uasset" 288
"../../../OnlineGame/Content/StarterContent/Textures/T_CobbleStone_Rough_D.uasset" 289
"../../../OnlineGame/Content/StarterContent/Textures/T_CobbleStone_Rough_N.uasset" 290
"../../../OnlineGame/Content/StarterContent/Textures/T_Gradinet_01.uasset" 291
"../../../OnlineGame/Content/StarterContent/Textures/T_Rock_Smooth_Granite_D.uasset" 292
"../../../OnlineGame/Content/StarterContent/Materials/M_CobbleStone_Rough.uasset" 293
"../../../OnlineGame/Content/StarterContent/Textures/T_CobbleStone_Smooth_D.uasset" 294
"../../../OnlineGame/Content/StarterContent/Textures/T_CobbleStone_Smooth_M.uasset" 295
"../../../OnlineGame/Content/StarterContent/Textures/T_CobbleStone_Smooth_N.uasset" 296
"../../../OnlineGame/Content/StarterContent/Materials/M_CobbleStone_Smooth.uasset" 297
"../../../Engine/Content/EditorMeshes/ColorCalibrator/T_ColorGrid.uasset" 298
"../../../OnlineGame/Content/StarterContent/Materials/M_ColorGrid_LowSpec.uasset" 299
"../../../OnlineGame/Content/StarterContent/Textures/T_Concrete_Grime_D.uasset" 300
"../../../OnlineGame/Content/StarterContent/Textures/T_Metal_Rust_N.uasset" 301
"../../../OnlineGame/Content/StarterContent/Materials/M_Concrete_Grime.uasset" 302
"../../../OnlineGame/Content/StarterContent/Textures/T_Concrete_Panels_D.uasset" 303
"../../../OnlineGame/Content/StarterContent/Textures/T_Concrete_Panels_N.uasset" 304
"../../../OnlineGame/Content/StarterContent/Materials/M_Concrete_Panels.uasset" 305
"../../../OnlineGame/Content/StarterContent/Textures/T_Concrete_Poured_D.uasset" 306
"../../../OnlineGame/Content/StarterContent/Textures/T_Concrete_Poured_N.uasset" 307
"../../../OnlineGame/Content/StarterContent/Materials/M_Concrete_Poured.uasset" 308
"../../../OnlineGame/Content/StarterContent/Textures/T_Concrete_Tiles_D.uasset" 309
"../../../OnlineGame/Content/StarterContent/Textures/T_Concrete_Tiles_M.uasset" 310
"../../../OnlineGame/Content/StarterContent/Textures/T_Concrete_Tiles_N.uasset" 311
"../../../OnlineGame/Content/StarterContent/Textures/T_Concrete_Tiles_Variation_M.uasset" 312
"../../../OnlineGame/Content/StarterContent/Materials/M_Concrete_Tiles.uasset" 313
"../../../OnlineGame/Content/StarterContent/Textures/T_Ground_Grass_D.uasset" 314
"../../../OnlineGame/Content/StarterContent/Textures/T_Ground_Grass_N.uasset" 315
"../../../OnlineGame/Content/StarterContent/Materials/M_Ground_Grass.uasset" 316
"../../../OnlineGame/Content/StarterContent/Textures/T_Ground_Gravel_D.uasset" 317
"../../../OnlineGame/Content/StarterContent/Textures/T_Ground_Gravel_N.uasset" 318
"../../../OnlineGame/Content/StarterContent/Materials/M_Ground_Gravel.uasset" 319
"../../../OnlineGame/Content/StarterContent/Textures/T_ground_Moss_D.uasset" 320
"../../../OnlineGame/Content/StarterContent/Textures/T_Ground_Moss_N.uasset" 321
"../../../OnlineGame/Content/StarterContent/Materials/M_Ground_Moss.uasset" 322
"../../../OnlineGame/Content/StarterContent/Materials/M_Metal_Brushed_Nickel.uasset" 323
"../../../OnlineGame/Content/StarterContent/Materials/M_Metal_Chrome.uasset" 324
"../../../Engine/Content/Functions/Engine_MaterialFunctions02/Utility/BlendAngleCorrectedNormals.uasset" 325
"../../../OnlineGame/Content/StarterContent/Textures/T_Metal_Rust_D.uasset" 326
"../../../OnlineGame/Content/StarterContent/Materials/M_Metal_Rust.uasset" 327
"../../../OnlineGame/Content/StarterContent/Textures/T_Metal_Steel_D.uasset" 328
"../../../OnlineGame/Content/StarterContent/Textures/T_Metal_Steel_N.uasset" 329
"../../../OnlineGame/Content/StarterContent/Materials/M_Metal_Steel.uasset" 330
"../../../OnlineGame/Content/StarterContent/Textures/T_Rock_Basalt_D.uasset" 331
"../../../OnlineGame/Content/StarterContent/Textures/T_Rock_Basalt_N.uasset" 332
"../../../OnlineGame/Content/StarterContent/Materials/M_Rock_Basalt.uasset" 333
"../../../OnlineGame/Content/StarterContent/Textures/T_Metal_Gold_N.uasset" 334
"../../../OnlineGame/Content/StarterContent/Materials/M_Rock_Marble_Polished.uasset" 335
"../../../OnlineGame/Content/StarterContent/Textures/T_Rock_Sandstone_D.uasset" 336
"../../../OnlineGame/Content/StarterContent/Textures/T_Rock_Sandstone_N.uasset" 337
"../../../OnlineGame/Content/StarterContent/Materials/M_Rock_Sandstone.uasset" 338
"../../../OnlineGame/Content/StarterContent/Textures/T_Rock_Slate_D.uasset" 339
"../../../OnlineGame/Content/StarterContent/Textures/T_Rock_Slate_N.uasset" 340
"../../../OnlineGame/Content/StarterContent/Materials/M_Rock_Slate.uasset" 341
"../../../OnlineGame/Content/StarterContent/Textures/T_Checker_Noise_M.uasset" 342
"../../../OnlineGame/Content/StarterContent/Textures/T_Single_Tile_N.uasset" 343
"../../../OnlineGame/Content/StarterContent/Textures/T_Tech_Dot_M.uasset" 344
"../../../OnlineGame/Content/StarterContent/Textures/T_Tech_Dot_N.uasset" 345
"../../../OnlineGame/Content/StarterContent/Materials/M_Tech_Checker_Dot.uasset" 346
"../../../OnlineGame/Content/StarterContent/Textures/T_Tech_Hex_Tile_M.uasset" 347
"../../../OnlineGame/Content/StarterContent/Textures/T_Tech_Hex_Tile_N.uasset" 348
"../../../OnlineGame/Content/StarterContent/Materials/M_Tech_Hex_Tile.uasset" 349
"../../../OnlineGame/Content/StarterContent/Materials/M_Tech_Hex_Tile_Pulse.uasset" 350
"../../../OnlineGame/Content/StarterContent/Textures/T_Tech_Panel_M.uasset" 351
"../../../OnlineGame/Content/StarterContent/Textures/T_Tech_Panel_N.uasset" 352
"../../../OnlineGame/Content/StarterContent/Materials/M_Tech_Panel.uasset" 353
"../../../OnlineGame/Content/StarterContent/Textures/T_Water_N.uasset" 354
"../../../OnlineGame/Content/StarterContent/Materials/M_Water_Lake.uasset" 355
"../../../OnlineGame/Content/StarterContent/Textures/T_Water_M.uasset" 356
"../../../OnlineGame/Content/StarterContent/Materials/M_Water_Ocean.uasset" 357
"../../../OnlineGame/Content/StarterContent/Textures/T_Wood_Floor_Walnut_D.uasset" 358
"../../../OnlineGame/Content/StarterContent/Textures/T_Wood_Floor_Walnut_M.uasset" 359
"../../../OnlineGame/Content/StarterContent/Textures/T_Wood_Floor_Walnut_N.uasset" 360
"../../../OnlineGame/Content/StarterContent/Materials/M_Wood_Floor_Walnut_Polished.uasset" 361
"../../../Engine/Content/Functions/Engine_MaterialFunctions01/Opacity/AlphaOffset.uasset" 362
"../../../OnlineGame/Content/StarterContent/Materials/M_Wood_Floor_Walnut_Worn.uasset" 363
"../../../OnlineGame/Content/StarterContent/Textures/T_Wood_Oak_D.uasset" 364
"../../../OnlineGame/Content/StarterContent/Textures/T_Wood_Oak_N.uasset" 365
"../../../OnlineGame/Content/StarterContent/Materials/M_Wood_Oak.uasset" 366
"../../../OnlineGame/Content/StarterContent/Textures/T_Wood_Pine_D.uasset" 367
"../../../OnlineGame/Content/StarterContent/Textures/T_Wood_Pine_N.uasset" 368
"../../../OnlineGame/Content/StarterContent/Materials/M_Wood_Pine.uasset" 369
"../../../OnlineGame/Content/StarterContent/Textures/T_Wood_Walnut_D.uasset" 370
"../../../OnlineGame/Content/StarterContent/Textures/T_Wood_Walnut_N.uasset" 371
"../../../OnlineGame/Content/StarterContent/Materials/M_Wood_Walnut.uasset" 372
"../../../OnlineGame/Content/StarterContent/Textures/T_Dust_Particle_D.uasset" 373
"../../../OnlineGame/Content/StarterContent/Particles/Materials/M_Dust_Particle.uasset" 374
"../../../OnlineGame/Content/StarterContent/Particles/P_Ambient_Dust.uasset" 375
"../../../OnlineGame/Content/StarterContent/Textures/T_Burst_M.uasset" 376
"../../../OnlineGame/Content/StarterContent/Particles/Materials/M_Burst.uasset" 377
"../../../OnlineGame/Content/StarterContent/Textures/T_Explosion_SubUV.uasset" 378
"../../../OnlineGame/Content/StarterContent/Particles/Materials/M_explosion_subUV.uasset" 379
"../../../OnlineGame/Content/StarterContent/Particles/Materials/m_flare_01.uasset" 380
"../../../OnlineGame/Content/StarterContent/Particles/Materials/M_radial_ramp.uasset" 381
"../../../OnlineGame/Content/StarterContent/Textures/T_Smoke_SubUV.uasset" 382
"../../../OnlineGame/Content/StarterContent/Textures/T_Smoke_Tiled_D.uasset" 383
"../../../OnlineGame/Content/StarterContent/Particles/Materials/M_smoke_subUV.uasset" 384
"../../../OnlineGame/Content/StarterContent/Particles/P_Explosion.uasset" 385
"../../../OnlineGame/Content/StarterContent/Textures/T_Fire_SubUV.uasset" 386
"../../../OnlineGame/Content/StarterContent/Textures/T_Fire_Tiled_D.uasset" 387
"../../../OnlineGame/Content/StarterContent/Particles/Materials/M_Fire_SubUV.uasset" 388
"../../../OnlineGame/Content/StarterContent/Particles/Materials/M_Heat_Distortion.uasset" 389
"../../../OnlineGame/Content/StarterContent/Particles/Materials/M_Radial_Gradient.uasset" 390
"../../../OnlineGame/Content/StarterContent/Particles/P_Fire.uasset" 391
"../../../OnlineGame/Content/StarterContent/Particles/P_Smoke.uasset" 392
"../../../OnlineGame/Content/StarterContent/Textures/T_Spark_Core.uasset" 393
"../../../OnlineGame/Content/StarterContent/Particles/Materials/M_Spark.uasset" 394
"../../../OnlineGame/Content/StarterContent/Particles/P_Sparks.uasset" 395
"../../../OnlineGame/Content/StarterContent/Particles/P_Steam_Lit.uasset" 396
"../../../OnlineGame/Content/StarterContent/Props/MaterialSphere.uasset" 397
"../../../OnlineGame/Content/StarterContent/Textures/T_Bush_D.uasset" 398
"../../../OnlineGame/Content/StarterContent/Textures/T_Bush_N.uasset" 399
"../../../OnlineGame/Content/StarterContent/Props/Materials/M_Bush.uasset" 400
"../../../OnlineGame/Content/StarterContent/Props/SM_Bush.uasset" 401
"../../../OnlineGame/Content/StarterContent/Textures/T_Chair_M.uasset" 402
"../../../OnlineGame/Content/StarterContent/Textures/T_Chair_N.uasset" 403
"../../../OnlineGame/Content/StarterContent/Props/Materials/M_Chair.uasset" 404
"../../../OnlineGame/Content/StarterContent/Props/SM_Chair.uasset" 405
"../../../OnlineGame/Content/StarterContent/Textures/T_Frame_M.uasset" 406
"../../../OnlineGame/Content/StarterContent/Textures/T_Frame_N.uasset" 407
"../../../OnlineGame/Content/StarterContent/Props/Materials/M_Frame.uasset" 408
"../../../OnlineGame/Content/StarterContent/Props/SM_CornerFrame.uasset" 409
"../../../OnlineGame/Content/StarterContent/Props/SM_Couch.uasset" 410
"../../../OnlineGame/Content/StarterContent/Materials/M_Glass.uasset" 411
"../../../OnlineGame/Content/StarterContent/Textures/T_Door_M.uasset" 412
"../../../OnlineGame/Content/StarterContent/Textures/T_Door_N.uasset" 413
"../../../OnlineGame/Content/StarterContent/Props/Materials/M_Door.uasset" 414
"../../../OnlineGame/Content/StarterContent/Props/SM_Door.uasset" 415
"../../../OnlineGame/Content/StarterContent/Props/SM_DoorFrame.uasset" 416
"../../../OnlineGame/Content/StarterContent/Props/SM_GlassWindow.uasset" 417
"../../../OnlineGame/Content/StarterContent/Textures/T_Lamp_M.uasset" 418
"../../../OnlineGame/Content/StarterContent/Textures/T_Lamp_N.uasset" 419
"../../../OnlineGame/Content/StarterContent/Props/Materials/M_Lamp.uasset" 420
"../../../OnlineGame/Content/StarterContent/Props/SM_Lamp_Ceiling.uasset" 421
"../../../OnlineGame/Content/StarterContent/Props/SM_Lamp_Wall.uasset" 422
"../../../OnlineGame/Content/StarterContent/Props/Materials/M_MaterialSphere.uasset" 423
"../../../OnlineGame/Content/StarterContent/Props/Materials/M_MaterialSphere_Plain.uasset" 424
"../../../OnlineGame/Content/StarterContent/Props/SM_MatPreviewMesh_02.uasset" 425
"../../../OnlineGame/Content/StarterContent/Props/SM_PillarFrame.uasset" 426
"../../../OnlineGame/Content/StarterContent/Props/SM_PillarFrame300.uasset" 427
"../../../OnlineGame/Content/StarterContent/Textures/T_RockMesh_M.uasset" 428
"../../../OnlineGame/Content/StarterContent/Textures/T_RockMesh_N.uasset" 429
"../../../OnlineGame/Content/StarterContent/Props/Materials/M_Rock.uasset" 430
"../../../OnlineGame/Content/StarterContent/Props/SM_Rock.uasset" 431
"../../../OnlineGame/Content/StarterContent/Textures/T_Shelf_M.uasset" 432
"../../../OnlineGame/Content/StarterContent/Textures/T_Shelf_N.uasset" 433
"../../../OnlineGame/Content/StarterContent/Props/Materials/M_Shelf.uasset" 434
"../../../OnlineGame/Content/StarterContent/Props/SM_Shelf.uasset" 435
"../../../OnlineGame/Content/StarterContent/Props/SM_Stairs.uasset" 436
"../../../OnlineGame/Content/StarterContent/Textures/T_TableRound_M.uasset" 437
"../../../OnlineGame/Content/StarterContent/Textures/T_TableRound_N.uasset" 438
"../../../OnlineGame/Content/StarterContent/Props/Materials/M_TableRound.uasset" 439
"../../../OnlineGame/Content/StarterContent/Props/SM_TableRound.uasset" 440
"../../../OnlineGame/Content/StarterContent/Props/SM_WindowFrame.uasset" 441
"../../../OnlineGame/Content/StarterContent/Shapes/Shape_Cone.uasset" 442
"../../../OnlineGame/Content/StarterContent/Shapes/Shape_Cube.uasset" 443
"../../../OnlineGame/Content/StarterContent/Shapes/Shape_Cylinder.uasset" 444
"../../../OnlineGame/Content/StarterContent/Shapes/Shape_NarrowCapsule.uasset" 445
"../../../OnlineGame/Content/StarterContent/Shapes/Shape_Pipe.uasset" 446
"../../../OnlineGame/Content/StarterContent/Shapes/Shape_Pipe_180.uasset" 447
"../../../OnlineGame/Content/StarterContent/Shapes/Shape_Pipe_90.uasset" 448
"../../../OnlineGame/Content/StarterContent/Shapes/Shape_Plane.uasset" 449
"../../../OnlineGame/Content/StarterContent/Shapes/Shape_QuadPyramid.uasset" 450
"../../../OnlineGame/Content/StarterContent/Shapes/Shape_Sphere.uasset" 451
"../../../OnlineGame/Content/StarterContent/Shapes/Shape_Torus.uasset" 452
"../../../OnlineGame/Content/StarterContent/Shapes/Shape_Trim.uasset" 453
"../../../OnlineGame/Content/StarterContent/Shapes/Shape_Trim_90_In.uasset" 454
"../../../OnlineGame/Content/StarterContent/Shapes/Shape_Trim_90_Out.uasset" 455
"../../../OnlineGame/Content/StarterContent/Shapes/Shape_TriPyramid.uasset" 456
"../../../OnlineGame/Content/StarterContent/Shapes/Shape_Tube.uasset" 457
"../../../OnlineGame/Content/StarterContent/Shapes/Shape_Wedge_A.uasset" 458
"../../../OnlineGame/Content/StarterContent/Shapes/Shape_Wedge_B.uasset" 459
"../../../OnlineGame/Content/StarterContent/Shapes/Shape_WideCapsule.uasset" 460
"../../../Engine/Content/MobileResources/HUD/VirtualJoystick_Background.uasset" 461
"../../../Engine/Content/MobileResources/HUD/VirtualJoystick_Thumb.uasset" 462
"../../../Engine/Content/MobileResources/HUD/LeftVirtualJoystickOnly.uasset" 463
"../../../Engine/Content/EditorResources/EmptyActor.uasset" 464
"../../../OnlineGame/Content/StarterContent/Audio/Smoke01_Cue.uasset" 465
"../../../OnlineGame/Content/FBXes/Custom/Chest_01__1__Skeleton.uasset" 466
"../../../OnlineGame/Content/FBXes/Custom/Chest_01__1__Anim.uasset" 467
"../../../Engine/Content/BasicShapes/Cone.uasset" 468
"../../../Engine/Content/BasicShapes/Cylinder.uasset" 469
"../../../Engine/Content/BasicShapes/Sphere.uasset" 470
"../../../Engine/Content/EditorMaterials/PreviewShadowIndicator.uasset" 471
"../../../Engine/Content/EditorMaterials/PreviewShadowIndicatorMaterial.uasset" 472
"../../../Engine/Content/EditorMeshes/ColorCalibrator/M_ChromeBall.uasset" 473
"../../../Engine/Content/EditorMeshes/ColorCalibrator/M_ClearCoat.uasset" 474
"../../../Engine/Content/EditorMeshes/ColorCalibrator/M_ClearCoatBlack.uasset" 475
"../../../Engine/Content/EditorMeshes/ColorCalibrator/M_ColorGrid.uasset" 476
"../../../Engine/Content/EditorMeshes/ColorCalibrator/M_GreyBall.uasset" 477
"../../../Engine/Content/EditorMeshes/ColorCalibrator/SM_ColorCalibrator.uasset" 478
"../../../Engine/Content/EditorResources/BSPVertex.uasset" 479
"../../../Engine/Content/EngineDebugMaterials/HeatmapGradient.uasset" 480
"../../../Engine/Content/EngineDebugMaterials/BoneWeightMaterial.uasset" 481
"../../../Engine/Content/EngineDebugMaterials/GeomMaterial.uasset" 482
"../../../Engine/Content/EngineMaterials/EditorBrushMaterial.uasset" 483
"../../../Engine/Content/EngineMeshes/Cube.uasset" 484
"../../../Engine/Content/MobileResources/T_MobileControls_texture.uasset" 485
"../../../Engine/Content/MobileResources/T_MobileMenu2.uasset" 486
"../../../Engine/Content/MobileResources/HUD/AnalogHat.uasset" 487
"../../../Engine/Content/MobileResources/HUD/DefaultVirtualJoysticks.uasset" 488
"../../../Engine/Content/MobileResources/HUD/MobileHUDButton1_off.uasset" 489
"../../../Engine/Content/MobileResources/HUD/MobileHUDButton1_on.uasset" 490
"../../../Engine/Content/MobileResources/HUD/MobileHUDButton2_off.uasset" 491
"../../../Engine/Content/MobileResources/HUD/MobileHUDButton2_on.uasset" 492
"../../../Engine/Content/MobileResources/HUD/MobileHUDButton3.uasset" 493
"../../../Engine/Content/MobileResources/HUD/MobileHUDButtonFire.uasset" 494
"../../../Engine/Content/MobileResources/HUD/MobileHUDDirectionPad2.uasset" 495
"../../../Engine/Content/MobileResources/HUD/MobileHUDDirectionPad3.uasset" 496
"../../../Engine/Content/MobileResources/HUD/T_Castle_ThumbstickInner.uasset" 497
"../../../Engine/Content/Tutorial/Basics/TutorialAssets/icon_tab_Levels_40x.uasset" 498
"../../../Engine/Content/Tutorial/BlueprintTutorials/TutorialAssets/BlueprintInterface_64x.uasset" 499
"../../../Engine/Content/Tutorial/BlueprintTutorials/TutorialAssets/BlueprintMacroLibrary_64x.uasset" 500
"../../../Engine/Content/Tutorial/BlueprintTutorials/TutorialAssets/Blueprint_64x.uasset" 501
"../../../Engine/Content/Tutorial/BlueprintTutorials/TutorialAssets/Tutorial_BP_Interface.uasset" 502
"../../../Engine/Content/Tutorial/Foliage/TutorialAssets/Foliage.uasset" 503
"../../../Engine/Content/Tutorial/Landscape/TutorialAssets/Landscape.uasset" 504
"../../../Engine/Content/Tutorial/Paper2D/TutorialAssets/Paper2DFlipbook_TutorialIcon.uasset" 505
"../../../Engine/Content/Tutorial/Paper2D/TutorialAssets/Paper2DSprite_TutorialIcon.uasset" 506
"../../../Engine/Content/Tutorial/SubEditors/TutorialAssets/icon_Editor_Preferences_General_40x.uasset" 507
"../../../Engine/Content/Tutorial/SubEditors/TutorialAssets/icon_ShowSkeletalMeshes_40x.uasset" 508
"../../../Engine/Content/Tutorial/SubEditors/TutorialAssets/TutorialMaterial.uasset" 509
"../../../Engine/Content/Tutorial/SubEditors/TutorialAssets/T_SmokeSubUV_8X8.uasset" 510
"../../../Engine/Content/Tutorial/SubEditors/TutorialAssets/T_soft_smoke.uasset" 511
"../../../Engine/Content/Tutorial/SubEditors/TutorialAssets/M_smoke_subUV_blackbody.uasset" 512
"../../../Engine/Content/Tutorial/SubEditors/TutorialAssets/TutorialParticleSystem.uasset" 513
"../../../Engine/Content/EditorMeshes/EditorCube.uasset" 514
"../../../Engine/Content/Tutorial/SubEditors/TutorialAssets/Tutorial_DM.uasset" 515
"../../../OnlineGame/Content/FBXes/TurboSquid/TreasureChest/colorl_coin.uasset" 516
"../../../OnlineGame/Content/FBXes/TurboSquid/TreasureChest/normal_coin.uasset" 517
"../../../OnlineGame/Content/FBXes/TurboSquid/TreasureChest/M_CoinBronze.uasset" 518
"../../../Engine/Content/BasicShapes/BasicShapeMaterial.uasset" 519
"../../../OnlineGame/Content/IBW/Character/CompleteCharacters/Textures_Materials/CharM_Standard/T_CharM_Standard_Elite_D.uasset" 520
"../../../OnlineGame/Content/IBW/Character/CompleteCharacters/Textures_Materials/CharM_Standard/T_CharM_Standard_Mask.uasset" 521
"../../../OnlineGame/Content/IBW/Character/CompleteCharacters/Textures_Materials/CharM_Standard/T_CharM_Standard_N.uasset" 522
"../../../OnlineGame/Content/IBW/Character/CompleteCharacters/Textures_Materials/CharM_Standard/M_Char_Standard_Elite.uasset" 523
"../../../OnlineGame/Content/IBW/Character/CompleteCharacters/Textures_Materials/CharM_Tusk/T_CharM_Horn_D.uasset" 524
"../../../OnlineGame/Content/IBW/Character/CompleteCharacters/Textures_Materials/CharM_Tusk/T_CharM_Tusk_E.uasset" 525
"../../../OnlineGame/Content/IBW/Character/CompleteCharacters/Textures_Materials/CharM_Tusk/T_CharM_Tusk_Mask.uasset" 526
"../../../OnlineGame/Content/IBW/Character/CompleteCharacters/Textures_Materials/CharM_Tusk/T_CharM_Tusk_N.uasset" 527
"../../../OnlineGame/Content/IBW/Character/CompleteCharacters/Textures_Materials/CharM_Tusk/M_Char_Horn.uasset" 528
"../../../OnlineGame/Content/IBW/Character/CompleteCharacters/Textures_Materials/CharM_Tusk/T_CharM_Talon_D.uasset" 529
"../../../OnlineGame/Content/IBW/Character/CompleteCharacters/Textures_Materials/CharM_Tusk/M_Char_Talon.uasset" 530
"../../../OnlineGame/Content/IBW/Character/CompleteCharacters/Textures_Materials/CharM_Tusk/T_CharM_Tusk_D.uasset" 531
"../../../OnlineGame/Content/IBW/Character/CompleteCharacters/Textures_Materials/CharM_Tusk/M_Char_Tusk.uasset" 532
"../../../OnlineGame/Content/IBW/Character/CompleteCharacters/Textures_Materials/CharM_Warrior/T_CharM_Warrior_D.uasset" 533
"../../../OnlineGame/Content/IBW/Character/CompleteCharacters/Textures_Materials/CharM_Warrior/T_CharM_Warrior_JewelMask.uasset" 534
"../../../OnlineGame/Content/IBW/Character/CompleteCharacters/Textures_Materials/CharM_Warrior/T_CharM_Warrior_N.uasset" 535
"../../../OnlineGame/Content/IBW/Character/CompleteCharacters/Textures_Materials/CharM_Warrior/T_CharM_WarriorB_Mask.uasset" 536
"../../../OnlineGame/Content/IBW/Character/CompleteCharacters/Textures_Materials/CharM_Warrior/M_Char_Warrior.uasset" 537
"../../../Engine/Content/Functions/Engine_MaterialFunctions01/Gradient/RadialGradientExponential.uasset" 538
"../../../OnlineGame/Content/IBW/Maps/LevelContent/Architecture/T_MeterGrid_01_M.uasset" 539
"../../../OnlineGame/Content/IBW/Maps/LevelContent/Architecture/M_CycWall_01.uasset" 540
"../../../Engine/Content/BasicShapes/Cube.uasset" 541
"../../../Engine/Content/MapTemplates/lut/LUT_Daytime.uasset" 542
"../../../OnlineGame/Content/IBW/Character/CompleteCharacters/Textures_Materials/CharM_Barbarous/T_CharM_Barbarous_D.uasset" 543
"../../../OnlineGame/Content/IBW/Character/CompleteCharacters/Textures_Materials/CharM_Barbarous/M_Char_Barbrous.uasset" 544
"../../../OnlineGame/Content/IBW/Character/CompleteCharacters/SK_CharM_Barbarous.uasset" 545
"../../../OnlineGame/Content/IBW/Character/CompleteCharacters/Textures_Materials/CharM_Base/T_CharM_Base_D.uasset" 546
"../../../OnlineGame/Content/IBW/Character/CompleteCharacters/Textures_Materials/CharM_Base/T_CharM_Base_M.uasset" 547
"../../../OnlineGame/Content/IBW/Character/CompleteCharacters/Textures_Materials/CharM_Base/T_CharM_Base_N.uasset" 548
"../../../OnlineGame/Content/IBW/Character/CompleteCharacters/Textures_Materials/CharM_Base/M_CharM_Base.uasset" 549
"../../../OnlineGame/Content/IBW/Character/CompleteCharacters/sk_CharM_Base.uasset" 550
"../../../OnlineGame/Content/IBW/Character/CompleteCharacters/Textures_Materials/CharM_Bladed/M_CharM_Bladed.uasset" 551
"../../../OnlineGame/Content/IBW/Character/CompleteCharacters/SK_CharM_Bladed.uasset" 552
"../../../OnlineGame/Content/IBW/Character/CompleteCharacters/Textures_Materials/CharM_Cardboard/Char_M_Cardboard_D.uasset" 553
"../../../OnlineGame/Content/IBW/Character/CompleteCharacters/Textures_Materials/CharM_Cardboard/Char_M_Cardboard_N.uasset" 554
"../../../OnlineGame/Content/IBW/Character/CompleteCharacters/Textures_Materials/CharM_Cardboard/Char_M_Cardboard_Skin_Mask.uasset" 555
"../../../OnlineGame/Content/IBW/Character/CompleteCharacters/Textures_Materials/CharM_Cardboard/M_Char_Cardboard.uasset" 556
"../../../OnlineGame/Content/IBW/Character/CompleteCharacters/SK_CharM_Cardboard.uasset" 557
"../../../OnlineGame/Content/IBW/Character/CompleteCharacters/Textures_Materials/CharM_Forge/CharM_Forge_D.uasset" 558
"../../../OnlineGame/Content/IBW/Character/CompleteCharacters/Textures_Materials/CharM_Forge/CharM_Forge_MetalMask.uasset" 559
"../../../OnlineGame/Content/IBW/Character/CompleteCharacters/Textures_Materials/CharM_Forge/CharM_Forge_N.uasset" 560
"../../../OnlineGame/Content/IBW/Character/CompleteCharacters/Textures_Materials/CharM_Forge/M_Char_Forge.uasset" 561
"../../../OnlineGame/Content/IBW/Character/CompleteCharacters/SK_CharM_Forge.uasset" 562
"../../../OnlineGame/Content/IBW/Character/CompleteCharacters/Textures_Materials/CharM_FrostGiant/T_Char_M_FrostGiant_D.uasset" 563
"../../../OnlineGame/Content/IBW/Character/CompleteCharacters/Textures_Materials/CharM_FrostGiant/T_Char_M_FrostGiant_Masks.uasset" 564
"../../../OnlineGame/Content/IBW/Character/CompleteCharacters/Textures_Materials/CharM_FrostGiant/T_Char_M_FrostGiant_MaterialMask.uasset" 565
"../../../OnlineGame/Content/IBW/Character/CompleteCharacters/Textures_Materials/CharM_FrostGiant/T_Char_M_FrostGiant_N.uasset" 566
"../../../OnlineGame/Content/IBW/Character/CompleteCharacters/Textures_Materials/CharM_FrostGiant/M_Char_FrostGiant.uasset" 567
"../../../OnlineGame/Content/IBW/Character/CompleteCharacters/SK_CharM_FrostGiant.uasset" 568
"../../../OnlineGame/Content/IBW/Character/CompleteCharacters/Textures_Materials/CharM_Golden/T_CharM_Golden_D.uasset" 569
"../../../OnlineGame/Content/IBW/Character/CompleteCharacters/Textures_Materials/CharM_Golden/T_CharM_Golden_Mask.uasset" 570
"../../../OnlineGame/Content/IBW/Character/CompleteCharacters/Textures_Materials/CharM_Golden/T_CharM_Golden_N.uasset" 571
"../../../OnlineGame/Content/IBW/Character/CompleteCharacters/Textures_Materials/CharM_Golden/M_Char_Golden.uasset" 572
"../../../OnlineGame/Content/IBW/Character/CompleteCharacters/SK_CharM_Golden.uasset" 573
"../../../OnlineGame/Content/IBW/Character/CompleteCharacters/Textures_Materials/CharM_Natural/T_CharM_Natural_D.uasset" 574
"../../../OnlineGame/Content/IBW/Character/CompleteCharacters/Textures_Materials/CharM_Natural/T_CharM_Natural_Mask.uasset" 575
"../../../OnlineGame/Content/IBW/Character/CompleteCharacters/Textures_Materials/CharM_Natural/T_CharM_Natural_N.uasset" 576
"../../../OnlineGame/Content/IBW/Character/CompleteCharacters/Textures_Materials/CharM_Natural/M_Char_Natural.uasset" 577
"../../../OnlineGame/Content/IBW/Character/CompleteCharacters/SK_CharM_Natural.uasset" 578
"../../../OnlineGame/Content/IBW/Character/CompleteCharacters/Textures_Materials/CharM_Ragged/T_CharM_Ragged_D.uasset" 579
"../../../OnlineGame/Content/IBW/Character/CompleteCharacters/Textures_Materials/CharM_Ragged/T_CharM_Ragged_Elite_Mask.uasset" 580
"../../../OnlineGame/Content/IBW/Character/CompleteCharacters/Textures_Materials/CharM_Ragged/T_CharM_Ragged_N.uasset" 581
"../../../OnlineGame/Content/IBW/Character/CompleteCharacters/Textures_Materials/CharM_Ragged/M_Char_Ragged.uasset" 582
"../../../OnlineGame/Content/IBW/Character/CompleteCharacters/SK_CharM_Ragged0.uasset" 583
"../../../OnlineGame/Content/IBW/Character/CompleteCharacters/Textures_Materials/CharM_Ragged/T_CharM_Ragged_Elite.uasset" 584
"../../../OnlineGame/Content/IBW/Character/CompleteCharacters/Textures_Materials/CharM_Ragged/M_Char_RaggedElite.uasset" 585
"../../../OnlineGame/Content/IBW/Character/CompleteCharacters/SK_CharM_RaggedElite.uasset" 586
"../../../Engine/Content/Functions/Engine_MaterialFunctions02/ExampleContent/Textures/LowResBlurredNoise.uasset" 587
"../../../OnlineGame/Content/IBW/Character/CompleteCharacters/Textures_Materials/CharM_Ram/T_CharM_Ram_B_D.uasset" 588
"../../../OnlineGame/Content/IBW/Character/CompleteCharacters/Textures_Materials/CharM_Ram/T_CharM_Ram_B_Mask.uasset" 589
"../../../OnlineGame/Content/IBW/Character/CompleteCharacters/Textures_Materials/CharM_Ram/T_CharM_Ram_N.uasset" 590
"../../../OnlineGame/Content/IBW/Character/CompleteCharacters/Textures_Materials/CharM_Ram/M_Char_Ram.uasset" 591
"../../../OnlineGame/Content/IBW/Character/CompleteCharacters/SK_CharM_Ram.uasset" 592
"../../../OnlineGame/Content/IBW/Character/CompleteCharacters/Textures_Materials/CharM_Robo/T_CharM_Robo_D.uasset" 593
"../../../OnlineGame/Content/IBW/Character/CompleteCharacters/Textures_Materials/CharM_Robo/T_CharM_Robo_Mask.uasset" 594
"../../../OnlineGame/Content/IBW/Character/CompleteCharacters/Textures_Materials/CharM_Robo/T_CharM_Robo_N.uasset" 595
"../../../OnlineGame/Content/IBW/Character/CompleteCharacters/Textures_Materials/CharM_Robo/M_Char_Robo.uasset" 596
"../../../OnlineGame/Content/IBW/Character/CompleteCharacters/SK_CharM_Robo.uasset" 597
"../../../OnlineGame/Content/IBW/Character/CompleteCharacters/Textures_Materials/CharM_Shell/T_CharM_Shell_D.uasset" 598
"../../../OnlineGame/Content/IBW/Character/CompleteCharacters/Textures_Materials/CharM_Shell/T_CharM_Shell_Mask.uasset" 599
"../../../OnlineGame/Content/IBW/Character/CompleteCharacters/Textures_Materials/CharM_Shell/T_CharM_Shell_N.uasset" 600
"../../../OnlineGame/Content/IBW/Character/CompleteCharacters/Textures_Materials/CharM_Shell/M_Char_Shell.uasset" 601
"../../../OnlineGame/Content/IBW/Character/CompleteCharacters/SK_CharM_Shell.uasset" 602
"../../../OnlineGame/Content/IBW/Character/CompleteCharacters/Textures_Materials/CharM_solid/T_CharM_solid_D.uasset" 603
"../../../OnlineGame/Content/IBW/Character/CompleteCharacters/Textures_Materials/CharM_solid/T_CharM_solid_Mask.uasset" 604
"../../../OnlineGame/Content/IBW/Character/CompleteCharacters/Textures_Materials/CharM_solid/T_CharM_solid_N.uasset" 605
"../../../OnlineGame/Content/IBW/Character/CompleteCharacters/Textures_Materials/CharM_solid/M_Char_Solid.uasset" 606
"../../../OnlineGame/Content/IBW/Character/CompleteCharacters/SK_CharM_solid.uasset" 607
"../../../OnlineGame/Content/IBW/Character/CompleteCharacters/Textures_Materials/CharM_Standard/T_CharM_Standard_D.uasset" 608
"../../../OnlineGame/Content/IBW/Character/CompleteCharacters/Textures_Materials/CharM_Standard/M_Char_Standard.uasset" 609
"../../../OnlineGame/Content/IBW/Character/CompleteCharacters/SK_CharM_Standard.uasset" 610
"../../../OnlineGame/Content/IBW/Character/CompleteCharacters/SK_CharM_Tusk.uasset" 611
"../../../OnlineGame/Content/IBW/Character/CompleteCharacters/Textures_Materials/CharM_Warrior/T_CharM_WarriorB_D.uasset" 612
"../../../OnlineGame/Content/IBW/Character/CompleteCharacters/Textures_Materials/CharM_Warrior/M_Char_Warrior_B.uasset" 613
"../../../OnlineGame/Content/IBW/Character/CompleteCharacters/SK_CharM_Warrior.uasset" 614
"../../../OnlineGame/Content/IBW/Maps/LevelContent/Architecture/M_1Meter_01.uasset" 615
"../../../OnlineGame/Content/IBW/Maps/LevelContent/Architecture/SM_1Meter_01.uasset" 616
"../../../OnlineGame/Content/IBW/Maps/LevelContent/Architecture/M_CycRoom_01.uasset" 617
"../../../OnlineGame/Content/IBW/Maps/LevelContent/Architecture/SM_CycRoom_01.uasset" 618
"../../../OnlineGame/Content/IBW/Maps/LevelContent/HDRI/HDRI_Epic_Courtyard_Daylight.uasset" 619
"../../../OnlineGame/Content/IBW/Maps/Overview.umap" 620
"../../../OnlineGame/Content/BlueprintsExtensions/EnemyAI/EnemyAIBlackboard.uasset" 621
"../../../OnlineGame/Content/BlueprintsExtensions/EnemyAI/EnemyAIBehaviourTree.uasset" 622
"../../../OnlineGame/Content/BlueprintsExtensions/EnemyAI/BP_EnemyAIController.uasset" 623
"../../../OnlineGame/Content/IBWep/Weapons/Blade/Swords/Blade_BlackKnight/T_Blade_BlackKnight_Sword1_D.uasset" 624
"../../../OnlineGame/Content/IBWep/Weapons/Blade/Swords/Blade_BlackKnight/T_Blade_BlackKnight_Sword1_M.uasset" 625
"../../../OnlineGame/Content/IBWep/Weapons/Blade/Swords/Blade_BlackKnight/T_Blade_BlackKnight_Sword1_N.uasset" 626
"../../../OnlineGame/Content/IBWep/Weapons/Blade/Swords/Blade_BlackKnight/T_Blade_BlackKnight_Sword2_D.uasset" 627
"../../../OnlineGame/Content/IBWep/Weapons/Blade/Swords/Blade_BlackKnight/T_Blade_BlackKnight_Sword2_M.uasset" 628
"../../../OnlineGame/Content/IBWep/Weapons/Blade/Swords/Blade_BlackKnight/T_Blade_BlackKnight_Sword2_N.uasset" 629
"../../../OnlineGame/Content/IBWep/Weapons/Blade/Swords/Blade_BlackKnight/M_Blade_BlackKnight.uasset" 630
"../../../OnlineGame/Content/StarterContent/Textures/T_Metal_Gold_D.uasset" 631
"../../../OnlineGame/Content/StarterContent/Materials/M_Metal_Gold.uasset" 632
"../../../OnlineGame/Content/AnimStarterPack/Mixamo/Beta/Beta_PhysicsAsset.uasset" 633
"../../../OnlineGame/Content/AnimStarterPack/Mixamo/Beta/Beta.uasset" 634
"../../../OnlineGame/Content/BlueprintsExtensions/EnemyAI/BP_EnemyAI.uasset" 635
"../../../Engine/Content/EngineSky/C_Sky_Cloud_Color.uasset" 636
"../../../Engine/Content/EngineSky/C_Sky_Horizon_Color.uasset" 637
"../../../Engine/Content/EngineSky/C_Sky_Zenith_Color.uasset" 638
"../../../Engine/Content/EngineSky/T_Sky_Blue.uasset" 639
"../../../Engine/Content/EngineSky/T_Sky_Clouds_M.uasset" 640
"../../../Engine/Content/EngineSky/T_Sky_Stars.uasset" 641
"../../../Engine/Content/EngineSky/M_Sky_Panning_Clouds2.uasset" 642
"../../../Engine/Content/EngineSky/SM_SkySphere.uasset" 643
"../../../Engine/Content/EngineSky/BP_Sky_Sphere.uasset" 644
"../../../OnlineGame/Content/FBXes/TurboSquid/TreasureChest/Gold.uasset" 645
"../../../OnlineGame/Content/InfinityBladeEffects/Effects/FX_Textures/Gradient/T_starFlare_02.uasset" 646
"../../../OnlineGame/Content/InfinityBladeEffects/Effects/FX_Materials/Gradient/M_Flare_02_INST.uasset" 647
"../../../OnlineGame/Content/InfinityBladeEffects/Effects/FX_Textures/Gradient/T_LightCone.uasset" 648
"../../../OnlineGame/Content/InfinityBladeEffects/Effects/FX_Materials/Gradient/M_Flare_Vertical_02_Inst.uasset" 649
"../../../OnlineGame/Content/InfinityBladeEffects/Effects/FX_Treasure/Gold_Bag/P_GoldSparkle_Bag_Pickup.uasset" 650
"../../../OnlineGame/Content/BlueprintsExtensions/PickUps/BP_Gold_Bronze.uasset" 651
"../../../OnlineGame/Content/FBXes/TurboSquid/Barrel/Diffuse.uasset" 652
"../../../OnlineGame/Content/FBXes/TurboSquid/Barrel/Normal.uasset" 653
"../../../OnlineGame/Content/FBXes/TurboSquid/Barrel/Specular.uasset" 654
"../../../OnlineGame/Content/FBXes/TurboSquid/Barrel/M_Barrel.uasset" 655
"../../../OnlineGame/Content/FBXes/TurboSquid/Barrel/Barrel_FBX.uasset" 656
"../../../OnlineGame/Content/InfinityBladeEffects/Effects/FX_Textures/Ice/T_IceChunks.uasset" 657
"../../../OnlineGame/Content/InfinityBladeEffects/Effects/FX_Materials/ICE/M_IceChunksBase.uasset" 658
"../../../OnlineGame/Content/InfinityBladeEffects/Effects/Masters/M_Trans_Sprite_SubUV_Master.uasset" 659
"../../../OnlineGame/Content/InfinityBladeEffects/Effects/FX_Textures/Damage/T_Wood_Fragments_01.uasset" 660
"../../../OnlineGame/Content/InfinityBladeEffects/Effects/FX_Materials/Damage/M_wood_subUV_INST.uasset" 661
"../../../OnlineGame/Content/InfinityBladeEffects/Effects/Masters/M_Add_Sprite_2Sided_Master.uasset" 662
"../../../OnlineGame/Content/InfinityBladeEffects/Effects/FX_Textures/Gradient/T_BlastWave.uasset" 663
"../../../OnlineGame/Content/InfinityBladeEffects/Effects/FX_Materials/M_Shockwave_01_Add_2Side_INST.uasset" 664
"../../../OnlineGame/Content/InfinityBladeEffects/Effects/Masters/M_Trans_Sprite_SubUV_Master_DepthFade.uasset" 665
"../../../OnlineGame/Content/InfinityBladeEffects/Effects/FX_Textures/Smoke/T_Smoke_subUV_01.uasset" 666
"../../../OnlineGame/Content/InfinityBladeEffects/Effects/FX_Materials/Smoke/M_Smoke_02_Trans_6X6_INST.uasset" 667
"../../../OnlineGame/Content/InfinityBladeEffects/Effects/FX_Breakables/barrel/P_BarrelBreak_Wood.uasset" 668
"../../../OnlineGame/Content/StarterContent/Audio/Explosion01.uasset" 669
"../../../OnlineGame/Content/FBXes/TurboSquid/Barrel/Barrel_FBX_DM.uasset" 670
"../../../OnlineGame/Content/BlueprintsExtensions/Barrels/BP_BronzeBarrel.uasset" 671
"../../../OnlineGame/Content/FBXes/TurboSquid/TreasureChest/M_CoinGold.uasset" 672
"../../../OnlineGame/Content/BlueprintsExtensions/PickUps/BP_Gold_Gold.uasset" 673
"../../../OnlineGame/Content/BlueprintsExtensions/Barrels/BP_GoldBarrel.uasset" 674
"../../../OnlineGame/Content/FBXes/TurboSquid/TreasureChest/M_CoinSilver.uasset" 675
"../../../OnlineGame/Content/BlueprintsExtensions/PickUps/BP_Gold_Silver.uasset" 676
"../../../OnlineGame/Content/BlueprintsExtensions/Barrels/BP_SilverBarrel.uasset" 677
"../../../OnlineGame/Content/Geometry/Meshes/CubeMaterial.uasset" 678
"../../../OnlineGame/Content/Geometry/Meshes/1M_Cube.uasset" 679
"../../../OnlineGame/Content/BlueprintsExtensions/BP_LevelTransition.uasset" 680
"../../../OnlineGame/Content/IBW/Animations/ThirdPerson_Jump.uasset" 681
"../../../OnlineGame/Content/IBW/Animations/ThirdPersonJump_Loop.uasset" 682
"../../../OnlineGame/Content/IBW/Animations/ThirdPersonJump_Start.uasset" 683
"../../../OnlineGame/Content/IBW/Animations/ThirdPersonIdle.uasset" 684
"../../../OnlineGame/Content/IBW/Animations/ThirdPersonRun.uasset" 685
"../../../OnlineGame/Content/IBW/Animations/ThirdPersonWalk.uasset" 686
"../../../OnlineGame/Content/IBW/Animations/ThirdPerson_IdleRun_2D.uasset" 687
"../../../OnlineGame/Content/IBW/Animations/IE_BaseAnimBP.uasset" 688
"../../../OnlineGame/Content/IBW/Animations/Death_1.uasset" 689
"../../../OnlineGame/Content/IBW/Animations/Death_1_Montage.uasset" 690
"../../../OnlineGame/Content/IBW/Animations/sword_and_shield_attack.uasset" 691
"../../../OnlineGame/Content/IBW/Animations/sword_and_shield_attack_Montage.uasset" 692
"../../../OnlineGame/Content/IBWep/Weapons/Blade/Swords/Blade_BlackKnight/SK_Blade_BlackKnight_Skeleton.uasset" 693
"../../../OnlineGame/Content/IBWep/Weapons/Blade/Swords/Blade_BlackKnight/SK_Blade_BlackKnight.uasset" 694
"../../../OnlineGame/Content/BlueprintsExtensions/Projectiles/BP_ArcherProj.uasset" 695
"../../../OnlineGame/Content/BlueprintsExtensions/Characters/BP_BaseNiall.uasset" 696
"../../../OnlineGame/Content/BlueprintsExtensions/Levels/PlayerInfoStructure.uasset" 697
"../../../OnlineGame/Content/Mannequin/Character/Textures/UE4_LOGO_CARD.uasset" 698
"../../../OnlineGame/Content/BlueprintsExtensions/Levels/BP_Saving.uasset" 699
"../../../OnlineGame/Content/WidgetExtensions/Levels/BP_LevelLoadingScreenWidget.uasset" 700
"../../../OnlineGame/Content/UI/Levels/LoadingScreen.uasset" 701
"../../../OnlineGame/Content/WidgetExtensions/MainMenu/BP_MainMenuErrorDialogueWidget.uasset" 702
"../../../OnlineGame/Content/UI/MainMenu/ErrorDialogue.uasset" 703
"../../../OnlineGame/Content/WidgetExtensions/MainMenu/BP_MainMenuHostMenuWidget.uasset" 704
"../../../OnlineGame/Content/UI/MainMenu/HostMenu.uasset" 705
"../../../OnlineGame/Content/WidgetExtensions/MainMenu/BP_MainMenuWidget.uasset" 706
"../../../OnlineGame/Content/UI/MainMenu/MainMenuWidget.uasset" 707
"../../../OnlineGame/Content/WidgetExtensions/MainMenu/BP_MainMenuOptionsMenuWidget.uasset" 708
"../../../OnlineGame/Content/StarterContent/Textures/T_Brick_Clay_New_M.uasset" 709
"../../../OnlineGame/Content/UI/MainMenu/OptionsMenu.uasset" 710
"../../../OnlineGame/Content/WidgetExtensions/MainMenu/BP_MainMenuServerMenuWidget.uasset" 711
"../../../OnlineGame/Content/UI/MainMenu/ServerMenu.uasset" 712
"../../../OnlineGame/Content/BlueprintsExtensions/Levels/BP_GameInstance.uasset" 713
"../../../OnlineGame/Content/WidgetExtensions/Lobby/BP_LobbyCharacterSelectWidget.uasset" 714
"../../../OnlineGame/Content/Textures/Archer.uasset" 715
"../../../OnlineGame/Content/Textures/Mage.uasset" 716
"../../../OnlineGame/Content/Textures/Valkyrie.uasset" 717
"../../../OnlineGame/Content/Textures/Warrior.uasset" 718
"../../../OnlineGame/Content/UI/Lobby/CharacterSelect.uasset" 719
"../../../Engine/Content/EditorBlueprintResources/ActorMacros.uasset" 720
"../../../OnlineGame/Content/IBWep/Weapons/Blade/Swords/Blade_Glimmer/T_Blade_Glimmer1_D.uasset" 721
"../../../OnlineGame/Content/IBWep/Weapons/Blade/Swords/Blade_Glimmer/T_Blade_Glimmer1_N.uasset" 722
"../../../OnlineGame/Content/IBWep/Weapons/Blade/Swords/Blade_Glimmer/T_Blade_Glimmer2_D.uasset" 723
"../../../OnlineGame/Content/IBWep/Weapons/Blade/Swords/Blade_Glimmer/T_Blade_Glimmer2_M.uasset" 724
"../../../OnlineGame/Content/IBWep/Weapons/Blade/Swords/Blade_Glimmer/T_Blade_Glimmer2_N.uasset" 725
"../../../OnlineGame/Content/IBWep/Weapons/Blade/Swords/Blade_Glimmer/M_Blade_Glimmer.uasset" 726
"../../../OnlineGame/Content/IBWep/Weapons/Blade/Swords/Blade_Glimmer/SK_Blade_Glimmer_Skeleton.uasset" 727
"../../../OnlineGame/Content/IBWep/Weapons/Blade/Swords/Blade_Glimmer/SK_Blade_Glimmer.uasset" 728
"../../../OnlineGame/Content/BlueprintsExtensions/Projectiles/BP_ValkyrieProj.uasset" 729
"../../../OnlineGame/Content/BlueprintsExtensions/Characters/BP_ChildNiall_01_Valkyrie.uasset" 730
"../../../OnlineGame/Content/IBWep/Weapons/Blade/Axes/Blade_GreatBlade/T_Blade_GreatBlade1_D.uasset" 731
"../../../OnlineGame/Content/IBWep/Weapons/Blade/Axes/Blade_GreatBlade/T_Blade_GreatBlade1_M.uasset" 732
"../../../OnlineGame/Content/IBWep/Weapons/Blade/Axes/Blade_GreatBlade/T_Blade_GreatBlade1_N.uasset" 733
"../../../OnlineGame/Content/IBWep/Weapons/Blade/Axes/Blade_GreatBlade/T_Blade_GreatBlade2_D.uasset" 734
"../../../OnlineGame/Content/IBWep/Weapons/Blade/Axes/Blade_GreatBlade/T_Blade_GreatBlade2_M.uasset" 735
"../../../OnlineGame/Content/IBWep/Weapons/Blade/Axes/Blade_GreatBlade/T_Blade_GreatBlade2_N.uasset" 736
"../../../OnlineGame/Content/IBWep/Weapons/Blade/Axes/Blade_GreatBlade/M_Blade_GreatBlade.uasset" 737
"../../../OnlineGame/Content/IBWep/Weapons/Blade/Axes/Blade_GreatBlade/SK_Blade_GreatBlade_Skeleton.uasset" 738
"../../../OnlineGame/Content/IBWep/Weapons/Blade/Axes/Blade_GreatBlade/SK_Blade_GreatBlade.uasset" 739
"../../../OnlineGame/Content/BlueprintsExtensions/Projectiles/BP_WarriorProj.uasset" 740
"../../../OnlineGame/Content/BlueprintsExtensions/Characters/BP_ChildNiall_02_Warrior.uasset" 741
"../../../OnlineGame/Content/BlueprintsExtensions/Characters/BP_ChildNiall_03_Archer.uasset" 742
"../../../OnlineGame/Content/IBWep/Weapons/Blade/Dual_Blade/Dual_Blade_Axe16/T_Dual_Blade_Axe16_1_D.uasset" 743
"../../../OnlineGame/Content/IBWep/Weapons/Blade/Dual_Blade/Dual_Blade_Axe16/T_Dual_Blade_Axe16_1_M.uasset" 744
"../../../OnlineGame/Content/IBWep/Weapons/Blade/Dual_Blade/Dual_Blade_Axe16/T_Dual_Blade_Axe16_1_N.uasset" 745
"../../../OnlineGame/Content/IBWep/Weapons/Blade/Dual_Blade/Dual_Blade_Axe16/T_Dual_Blade_Axe16_2_D.uasset" 746
"../../../OnlineGame/Content/IBWep/Weapons/Blade/Dual_Blade/Dual_Blade_Axe16/T_Dual_Blade_Axe16_2_M.uasset" 747
"../../../OnlineGame/Content/IBWep/Weapons/Blade/Dual_Blade/Dual_Blade_Axe16/T_Dual_Blade_Axe16_2_N.uasset" 748
"../../../OnlineGame/Content/IBWep/Weapons/Blade/Dual_Blade/Dual_Blade_Axe16/M_Dual_Blade_Axe16.uasset" 749
"../../../OnlineGame/Content/IBWep/Weapons/Blade/Dual_Blade/Dual_Blade_Axe16/SK_Dual_Blade_Axe16_Skeleton.uasset" 750
"../../../OnlineGame/Content/IBWep/Weapons/Blade/Dual_Blade/Dual_Blade_Axe16/SK_Dual_Blade_Axe16.uasset" 751
"../../../OnlineGame/Content/BlueprintsExtensions/Projectiles/BP_MageProj.uasset" 752
"../../../OnlineGame/Content/BlueprintsExtensions/Characters/BP_ChildNiall_04_Mage.uasset" 753
"../../../OnlineGame/Content/WidgetExtensions/Lobby/BP_LobbyUserWidget.uasset" 754
"../../../OnlineGame/Content/WidgetExtensions/Lobby/BP_LobbyConnectedPlayerWidget.uasset" 755
"../../../OnlineGame/Content/UI/Lobby/ConnectedPlayer.uasset" 756
"../../../OnlineGame/Content/WidgetExtensions/Lobby/BP_LobbyGameSettingsWidget.uasset" 757
"../../../OnlineGame/Content/Textures/Level_001_Thumbnail.uasset" 758
"../../../OnlineGame/Content/Textures/Level_002_Thumbnail.uasset" 759
"../../../OnlineGame/Content/WidgetExtensions/Lobby/BP_LobbyPlayerButtonWidget.uasset" 760
"../../../OnlineGame/Content/UI/Lobby/PlayerButton.uasset" 761
"../../../OnlineGame/Content/UI/Lobby/GameSettings.uasset" 762
"../../../OnlineGame/Content/UI/Lobby/LobbyMenu.uasset" 763
"../../../OnlineGame/Content/BlueprintsExtensions/Lobby/BP_LobbyGameMode.uasset" 764
"../../../OnlineGame/Content/BlueprintsExtensions/Lobby/BP_LobbyPlayerController.uasset" 765
"../../../OnlineGame/Content/WidgetExtensions/Levels/BP_LevelChatWindowWidget.uasset" 766
"../../../OnlineGame/Content/WidgetExtensions/Levels/BP_LevelChatTextWidget.uasset" 767
"../../../OnlineGame/Content/UI/Levels/ChatText.uasset" 768
"../../../OnlineGame/Content/UI/Levels/ChatWindow.uasset" 769
"../../../OnlineGame/Content/WidgetExtensions/Levels/BP_LevelGameplayChatWidget.uasset" 770
"../../../OnlineGame/Content/UI/Levels/GameplayChat.uasset" 771
"../../../OnlineGame/Content/BlueprintsExtensions/Gameplay/BP_PlayerController.uasset" 772
"../../../OnlineGame/Content/BlueprintsExtensions/Gameplay/BP_GameMode.uasset" 773
"../../../OnlineGame/Content/FBXes/Custom/GATE_Skeleton.uasset" 774
"../../../OnlineGame/Content/FBXes/Custom/AnimBP_Gate.uasset" 775
"../../../OnlineGame/Content/FBXes/Custom/Gate_WithAnim_Anim.uasset" 776
"../../../OnlineGame/Content/FBXes/Custom/Gate_WithAnim_Anim_Montage.uasset" 777
"../../../OnlineGame/Content/FBXes/TurboSquid/Key/keyB_tx.uasset" 778
"../../../OnlineGame/Content/FBXes/TurboSquid/Key/keyB_tx_Mat.uasset" 779
"../../../OnlineGame/Content/FBXes/Custom/Gate_WithAnim_PhysicsAsset.uasset" 780
"../../../OnlineGame/Content/FBXes/Custom/Gate_WithAnim.uasset" 781
"../../../OnlineGame/Content/FBXes/Custom/OpenGateStaticMesh.uasset" 782
"../../../OnlineGame/Content/BlueprintsExtensions/Gates/BP_KeyGate.uasset" 783
"../../../OnlineGame/Content/FBXes/TurboSquid/Key/Key_B_02.uasset" 784
"../../../OnlineGame/Content/InfinityBladeEffects/Effects/FX_Treasure/Loot/P_KeyPickup_01.uasset" 785
"../../../OnlineGame/Content/BlueprintsExtensions/PickUps/BP_Key.uasset" 786
"../../../OnlineGame/Content/FBXes/TurboSquid/TreasureChest/TestChestWithAnim_Skeleton.uasset" 787
"../../../OnlineGame/Content/FBXes/TurboSquid/TreasureChest/AnimBP_TreasureChest.uasset" 788
"../../../OnlineGame/Content/FBXes/TurboSquid/TreasureChest/TestChestWithAnim_Anim.uasset" 789
"../../../OnlineGame/Content/FBXes/TurboSquid/TreasureChest/TestChestWithAnim_Anim_Montage.uasset" 790
"../../../OnlineGame/Content/FBXes/TurboSquid/TreasureChest/Ark_Free_Chest_WoodRough_d.uasset" 791
"../../../OnlineGame/Content/FBXes/TurboSquid/TreasureChest/Ark_Free_Chest_WoodRough_Mat.uasset" 792
"../../../OnlineGame/Content/StarterContent/Textures/T_Metal_Copper_D.uasset" 793
"../../../OnlineGame/Content/StarterContent/Materials/M_Metal_Copper.uasset" 794
"../../../OnlineGame/Content/FBXes/TurboSquid/TreasureChest/TestChest_EndAnim_PhysicsAsset.uasset" 795
"../../../OnlineGame/Content/FBXes/TurboSquid/TreasureChest/TestChest_EndAnim_Skeleton.uasset" 796
"../../../OnlineGame/Content/FBXes/TurboSquid/TreasureChest/TestChest_EndAnim.uasset" 797
"../../../OnlineGame/Content/FBXes/TurboSquid/TreasureChest/TestChestWithAnim_PhysicsAsset.uasset" 798
"../../../OnlineGame/Content/FBXes/TurboSquid/TreasureChest/TestChestWithAnim.uasset" 799
"../../../OnlineGame/Content/BlueprintsExtensions/TreasureChest/BP_TreasureChestBronze.uasset" 800
"../../../OnlineGame/Content/BlueprintsExtensions/TreasureChest/BP_TreasureChestGold.uasset" 801
"../../../OnlineGame/Content/StarterContent/Textures/T_Metal_Aluminum_D.uasset" 802
"../../../OnlineGame/Content/StarterContent/Materials/M_Metal_Burnished_Steel.uasset" 803
"../../../OnlineGame/Content/BlueprintsExtensions/TreasureChest/BP_TreasureChestSilver.uasset" 804
"../../../Engine/Content/Functions/Engine_MaterialFunctions03/Procedurals/ComputeFilterWidth.uasset" 805
"../../../Engine/Content/EngineMaterials/AntiAliasedTextMaterialTranslucent.uasset" 806
"../../../OnlineGame/Content/Geometry/Meshes/1M_Cube_Chamfer.uasset" 807
"../../../OnlineGame/Content/Geometry/Meshes/TemplateFloor.uasset" 808
"../../../OnlineGame/Content/ThirdPerson/Meshes/RampMaterial.uasset" 809
"../../../OnlineGame/Content/ThirdPerson/Meshes/Bump_StaticMesh.uasset" 810
"../../../OnlineGame/Content/ThirdPerson/Meshes/LeftArm_StaticMesh.uasset" 811
"../../../OnlineGame/Content/ThirdPerson/Meshes/Linear_Stair_StaticMesh.uasset" 812
"../../../OnlineGame/Content/ThirdPerson/Meshes/Ramp_StaticMesh.uasset" 813
"../../../OnlineGame/Content/ThirdPerson/Meshes/RightArm_StaticMesh.uasset" 814
"../../../OnlineGame/Content/UI/TEST.uasset" 815
"../../../OnlineGame/Content/Maps/Level_001.umap" 816
"../../../OnlineGame/Content/FBXes/TurboSquid/Barrel/Explosives/barrel_bump.uasset" 817
"../../../OnlineGame/Content/FBXes/TurboSquid/Barrel/Explosives/green_barrel_uvw.uasset" 818
"../../../OnlineGame/Content/FBXes/TurboSquid/Barrel/Explosives/red_barrel_uvw.uasset" 819
"../../../OnlineGame/Content/FBXes/TurboSquid/Barrel/Explosives/regular_barrel.uasset" 820
"../../../OnlineGame/Content/FBXes/TurboSquid/Barrel/Explosives/M_ExplosiveBarrel.uasset" 821
"../../../OnlineGame/Content/FBXes/TurboSquid/Barrel/Explosives/M_ToxicBarrel.uasset" 822
"../../../OnlineGame/Content/StarterContent/Textures/T_Brick_Clay_New_D.uasset" 823
"../../../OnlineGame/Content/StarterContent/Textures/T_Brick_Clay_New_N.uasset" 824
"../../../OnlineGame/Content/StarterContent/Materials/M_Brick_Clay_New.uasset" 825
"../../../Engine/Content/MapTemplates/SM_Template_Map_Floor.uasset" 826
"../../../OnlineGame/Content/FBXes/Custom/GATE_PhysicsAsset.uasset" 827
"../../../OnlineGame/Content/FBXes/Custom/GATE.uasset" 828
"../../../OnlineGame/Content/FBXes/Custom/GL_Room.uasset" 829
"../../../OnlineGame/Content/FBXes/TurboSquid/Barrel/Explosives/barrel.uasset" 830
"../../../OnlineGame/Content/Maps/Lobby.umap" 831
"../../../OnlineGame/Content/Maps/MainMenu.umap" 832
"../../../OnlineGame/Content/Maps/Transition_Lobby_Game.umap" 833
"../../../OnlineGame/Content/ThirdPersonCPP/Maps/ThirdPersonExampleMap.umap" 834
"../../../OnlineGame/Content/Maps/Level_002.umap" 835
